<?xml version="1.0" encoding="UTF-8"?>
<testng-results skipped="0" failed="0" ignored="0" total="1" passed="1">
  <reporter-output>
  </reporter-output>
  <suite name="Default suite" duration-ms="788" started-at="2018-12-17T09:24:12Z" finished-at="2018-12-17T09:24:13Z">
    <groups>
    </groups>
    <test name="Default test" duration-ms="788" started-at="2018-12-17T09:24:12Z" finished-at="2018-12-17T09:24:13Z">
      <class name="readingData.ReadingDataExcel_Test">
        <test-method status="PASS" signature="sheet()[pri:0, instance:readingData.ReadingDataExcel_Test@19f99ea]" name="sheet" duration-ms="749" started-at="2018-12-17T09:24:12Z" finished-at="2018-12-17T09:24:13Z">
          <reporter-output>
          </reporter-output>
        </test-method> <!-- sheet -->
      </class> <!-- readingData.ReadingDataExcel_Test -->
    </test> <!-- Default test -->
  </suite> <!-- Default suite -->
</testng-results>
